# JRE version: Java(TM) SE Runtime Environment (8.0_111-b14) (build 1.8.0_111-b14)
# Java VM: Java HotSpot(TM) 64-Bit Server VM (25.111-b14 mixed mode windows-amd64 compressed oops)
Heap:
 PSYoungGen      total 139264K, used 77394K [0x00000000d6e00000, 0x00000000e0700000, 0x0000000100000000)
  eden space 128000K, 55% used [0x00000000d6e00000,0x00000000db39b068,0x00000000deb00000)
  from space 11264K, 54% used [0x00000000dfc00000,0x00000000e01f9850,0x00000000e0700000)
  to   space 14336K, 0% used [0x00000000deb00000,0x00000000deb00000,0x00000000df900000)
 ParOldGen       total 55296K, used 18942K [0x0000000084a00000, 0x0000000088000000, 0x00000000d6e00000)
  object space 55296K, 34% used [0x0000000084a00000,0x0000000085c7fb10,0x0000000088000000)
 Metaspace       used 30117K, capacity 30458K, committed 30720K, reserved 1077248K
  class space    used 3730K, capacity 3795K, committed 3840K, reserved 1048576K
GC Heap History (10 events):
Event: 24.090 GC heap before
{Heap before GC invocations=7 (full 1):
 PSYoungGen      total 68608K, used 67117K [0x00000000d6e00000, 0x00000000dd780000, 0x0000000100000000)
  eden space 63488K, 100% used [0x00000000d6e00000,0x00000000dac00000,0x00000000dac00000)
  from space 5120K, 70% used [0x00000000dac00000,0x00000000daf8b500,0x00000000db100000)
  to   space 7168K, 0% used [0x00000000dd080000,0x00000000dd080000,0x00000000dd780000)
 ParOldGen       total 55296K, used 5916K [0x0000000084a00000, 0x0000000088000000, 0x00000000d6e00000)
  object space 55296K, 10% used [0x0000000084a00000,0x0000000084fc71c8,0x0000000088000000)
 Metaspace       used 29261K, capacity 29522K, committed 29952K, reserved 1075200K
  class space    used 3677K, capacity 3763K, committed 3840K, reserved 1048576K
Event: 24.105 GC heap after
Heap after GC invocations=7 (full 1):
 PSYoungGen      total 92672K, used 7139K [0x00000000d6e00000, 0x00000000de380000, 0x0000000100000000)
  eden space 85504K, 0% used [0x00000000d6e00000,0x00000000d6e00000,0x00000000dc180000)
  from space 7168K, 99% used [0x00000000dd080000,0x00000000dd778f30,0x00000000dd780000)
  to   space 15360K, 0% used [0x00000000dc180000,0x00000000dc180000,0x00000000dd080000)
 ParOldGen       total 55296K, used 18910K [0x0000000084a00000, 0x0000000088000000, 0x00000000d6e00000)
  object space 55296K, 34% used [0x0000000084a00000,0x0000000085c77b10,0x0000000088000000)
 Metaspace       used 29261K, capacity 29522K, committed 29952K, reserved 1075200K
  class space    used 3677K, capacity 3763K, committed 3840K, reserved 1048576K
}
Event: 26.216 GC heap before
{Heap before GC invocations=8 (full 1):
 PSYoungGen      total 92672K, used 92435K [0x00000000d6e00000, 0x00000000de380000, 0x0000000100000000)
  eden space 85504K, 99% used [0x00000000d6e00000,0x00000000dc14bdb8,0x00000000dc180000)
  from space 7168K, 99% used [0x00000000dd080000,0x00000000dd778f30,0x00000000dd780000)
  to   space 15360K, 0% used [0x00000000dc180000,0x00000000dc180000,0x00000000dd080000)
 ParOldGen       total 55296K, used 18910K [0x0000000084a00000, 0x0000000088000000, 0x00000000d6e00000)
  object space 55296K, 34% used [0x0000000084a00000,0x0000000085c77b10,0x0000000088000000)
 Metaspace       used 29578K, capacity 29874K, committed 30208K, reserved 1075200K
  class space    used 3697K, capacity 3795K, committed 3840K, reserved 1048576K
Event: 26.224 GC heap after
Heap after GC invocations=8 (full 1):
 PSYoungGen      total 100864K, used 9589K [0x00000000d6e00000, 0x00000000dfe00000, 0x0000000100000000)
  eden space 85504K, 0% used [0x00000000d6e00000,0x00000000d6e00000,0x00000000dc180000)
  from space 15360K, 62% used [0x00000000dc180000,0x00000000dcadd420,0x00000000dd080000)
  to   space 15360K, 0% used [0x00000000def00000,0x00000000def00000,0x00000000dfe00000)
 ParOldGen       total 55296K, used 18918K [0x0000000084a00000, 0x0000000088000000, 0x00000000d6e00000)
  object space 55296K, 34% used [0x0000000084a00000,0x0000000085c79b10,0x0000000088000000)
 Metaspace       used 29578K, capacity 29874K, committed 30208K, reserved 1075200K
  class space    used 3697K, capacity 3795K, committed 3840K, reserved 1048576K
}
Event: 27.977 GC heap before
{Heap before GC invocations=9 (full 1):
 PSYoungGen      total 100864K, used 94215K [0x00000000d6e00000, 0x00000000dfe00000, 0x0000000100000000)
  eden space 85504K, 98% used [0x00000000d6e00000,0x00000000dc0a4890,0x00000000dc180000)
  from space 15360K, 62% used [0x00000000dc180000,0x00000000dcadd420,0x00000000dd080000)
  to   space 15360K, 0% used [0x00000000def00000,0x00000000def00000,0x00000000dfe00000)
 ParOldGen       total 55296K, used 18918K [0x0000000084a00000, 0x0000000088000000, 0x00000000d6e00000)
  object space 55296K, 34% used [0x0000000084a00000,0x0000000085c79b10,0x0000000088000000)
 Metaspace       used 29624K, capacity 29938K, committed 30208K, reserved 1075200K
  class space    used 3697K, capacity 3795K, committed 3840K, reserved 1048576K
Event: 27.983 GC heap after
Heap after GC invocations=9 (full 1):
 PSYoungGen      total 122880K, used 6054K [0x00000000d6e00000, 0x00000000df900000, 0x0000000100000000)
  eden space 112640K, 0% used [0x00000000d6e00000,0x00000000d6e00000,0x00000000ddc00000)
  from space 10240K, 59% used [0x00000000def00000,0x00000000df4e9850,0x00000000df900000)
  to   space 14848K, 0% used [0x00000000ddc00000,0x00000000ddc00000,0x00000000dea80000)
 ParOldGen       total 55296K, used 18926K [0x0000000084a00000, 0x0000000088000000, 0x00000000d6e00000)
  object space 55296K, 34% used [0x0000000084a00000,0x0000000085c7bb10,0x0000000088000000)
 Metaspace       used 29624K, capacity 29938K, committed 30208K, reserved 1075200K
  class space    used 3697K, capacity 3795K, committed 3840K, reserved 1048576K
}
Event: 34.198 GC heap before
{Heap before GC invocations=10 (full 1):
 PSYoungGen      total 122880K, used 118593K [0x00000000d6e00000, 0x00000000df900000, 0x0000000100000000)
  eden space 112640K, 99% used [0x00000000d6e00000,0x00000000ddbe6c28,0x00000000ddc00000)
  from space 10240K, 59% used [0x00000000def00000,0x00000000df4e9850,0x00000000df900000)
  to   space 14848K, 0% used [0x00000000ddc00000,0x00000000ddc00000,0x00000000dea80000)
 ParOldGen       total 55296K, used 18926K [0x0000000084a00000, 0x0000000088000000, 0x00000000d6e00000)
  object space 55296K, 34% used [0x0000000084a00000,0x0000000085c7bb10,0x0000000088000000)
 Metaspace       used 29741K, capacity 30002K, committed 30208K, reserved 1075200K
  class space    used 3697K, capacity 3795K, committed 3840K, reserved 1048576K
Event: 34.204 GC heap after
Heap after GC invocations=10 (full 1):
 PSYoungGen      total 127488K, used 8552K [0x00000000d6e00000, 0x00000000e0a00000, 0x0000000100000000)
  eden space 112640K, 0% used [0x00000000d6e00000,0x00000000d6e00000,0x00000000ddc00000)
  from space 14848K, 57% used [0x00000000ddc00000,0x00000000de45a090,0x00000000dea80000)
  to   space 14336K, 0% used [0x00000000dfc00000,0x00000000dfc00000,0x00000000e0a00000)
 ParOldGen       total 55296K, used 18934K [0x0000000084a00000, 0x0000000088000000, 0x00000000d6e00000)
  object space 55296K, 34% used [0x0000000084a00000,0x0000000085c7db10,0x0000000088000000)
 Metaspace       used 29741K, capacity 30002K, committed 30208K, reserved 1075200K
  class space    used 3697K, capacity 3795K, committed 3840K, reserved 1048576K
}
Event: 40.956 GC heap before
{Heap before GC invocations=11 (full 1):
 PSYoungGen      total 127488K, used 120708K [0x00000000d6e00000, 0x00000000e0a00000, 0x0000000100000000)
  eden space 112640K, 99% used [0x00000000d6e00000,0x00000000ddb87268,0x00000000ddc00000)
  from space 14848K, 57% used [0x00000000ddc00000,0x00000000de45a090,0x00000000dea80000)
  to   space 14336K, 0% used [0x00000000dfc00000,0x00000000dfc00000,0x00000000e0a00000)
 ParOldGen       total 55296K, used 18934K [0x0000000084a00000, 0x0000000088000000, 0x00000000d6e00000)
  object space 55296K, 34% used [0x0000000084a00000,0x0000000085c7db10,0x0000000088000000)
 Metaspace       used 29840K, capacity 30138K, committed 30464K, reserved 1075200K
  class space    used 3698K, capacity 3795K, committed 3840K, reserved 1048576K
Event: 40.962 GC heap after
Heap after GC invocations=11 (full 1):
 PSYoungGen      total 139264K, used 6118K [0x00000000d6e00000, 0x00000000e0700000, 0x0000000100000000)
  eden space 128000K, 0% used [0x00000000d6e00000,0x00000000d6e00000,0x00000000deb00000)
  from space 11264K, 54% used [0x00000000dfc00000,0x00000000e01f9850,0x00000000e0700000)
  to   space 14336K, 0% used [0x00000000deb00000,0x00000000deb00000,0x00000000df900000)
 ParOldGen       total 55296K, used 18942K [0x0000000084a00000, 0x0000000088000000, 0x00000000d6e00000)
  object space 55296K, 34% used [0x0000000084a00000,0x0000000085c7fb10,0x0000000088000000)
 Metaspace       used 29840K, capacity 30138K, committed 30464K, reserved 1075200K
  class space    used 3698K, capacity 3795K, committed 3840K, reserved 1048576K
}

