# JRE version: Java(TM) SE Runtime Environment (8.0_111-b14) (build 1.8.0_111-b14)
# Java VM: Java HotSpot(TM) 64-Bit Server VM (25.111-b14 mixed mode windows-amd64 compressed oops)
Heap:
 PSYoungGen      total 43520K, used 17009K [0x00000000d6e00000, 0x00000000da100000, 0x0000000100000000)
  eden space 37888K, 31% used [0x00000000d6e00000,0x00000000d7998e48,0x00000000d9300000)
  from space 5632K, 91% used [0x00000000d9380000,0x00000000d9883990,0x00000000d9900000)
  to   space 7168K, 0% used [0x00000000d9a00000,0x00000000d9a00000,0x00000000da100000)
 ParOldGen       total 56832K, used 19409K [0x0000000084a00000, 0x0000000088180000, 0x00000000d6e00000)
  object space 56832K, 34% used [0x0000000084a00000,0x0000000085cf4400,0x0000000088180000)
 Metaspace       used 27157K, capacity 27470K, committed 27648K, reserved 1073152K
  class space    used 3178K, capacity 3265K, committed 3328K, reserved 1048576K
GC Heap History (10 events):
Event: 185.105 GC heap before
{Heap before GC invocations=16 (full 1):
 PSYoungGen      total 44544K, used 43439K [0x00000000d6e00000, 0x00000000da380000, 0x0000000100000000)
  eden space 40448K, 99% used [0x00000000d6e00000,0x00000000d9536678,0x00000000d9580000)
  from space 4096K, 80% used [0x00000000d9f80000,0x00000000da2b5980,0x00000000da380000)
  to   space 7168K, 0% used [0x00000000d9580000,0x00000000d9580000,0x00000000d9c80000)
 ParOldGen       total 56832K, used 19377K [0x0000000084a00000, 0x0000000088180000, 0x00000000d6e00000)
  object space 56832K, 34% used [0x0000000084a00000,0x0000000085cec400,0x0000000088180000)
 Metaspace       used 26962K, capacity 27278K, committed 27648K, reserved 1073152K
  class space    used 3158K, capacity 3265K, committed 3328K, reserved 1048576K
Event: 185.108 GC heap after
Heap after GC invocations=16 (full 1):
 PSYoungGen      total 45056K, used 5079K [0x00000000d6e00000, 0x00000000da300000, 0x0000000100000000)
  eden space 39936K, 0% used [0x00000000d6e00000,0x00000000d6e00000,0x00000000d9500000)
  from space 5120K, 99% used [0x00000000d9580000,0x00000000d9a75c60,0x00000000d9a80000)
  to   space 7168K, 0% used [0x00000000d9c00000,0x00000000d9c00000,0x00000000da300000)
 ParOldGen       total 56832K, used 19377K [0x0000000084a00000, 0x0000000088180000, 0x00000000d6e00000)
  object space 56832K, 34% used [0x0000000084a00000,0x0000000085cec400,0x0000000088180000)
 Metaspace       used 26962K, capacity 27278K, committed 27648K, reserved 1073152K
  class space    used 3158K, capacity 3265K, committed 3328K, reserved 1048576K
}
Event: 185.934 GC heap before
{Heap before GC invocations=17 (full 1):
 PSYoungGen      total 45056K, used 45015K [0x00000000d6e00000, 0x00000000da300000, 0x0000000100000000)
  eden space 39936K, 100% used [0x00000000d6e00000,0x00000000d9500000,0x00000000d9500000)
  from space 5120K, 99% used [0x00000000d9580000,0x00000000d9a75c60,0x00000000d9a80000)
  to   space 7168K, 0% used [0x00000000d9c00000,0x00000000d9c00000,0x00000000da300000)
 ParOldGen       total 56832K, used 19377K [0x0000000084a00000, 0x0000000088180000, 0x00000000d6e00000)
  object space 56832K, 34% used [0x0000000084a00000,0x0000000085cec400,0x0000000088180000)
 Metaspace       used 26977K, capacity 27278K, committed 27648K, reserved 1073152K
  class space    used 3158K, capacity 3265K, committed 3328K, reserved 1048576K
Event: 185.940 GC heap after
Heap after GC invocations=17 (full 1):
 PSYoungGen      total 46080K, used 5109K [0x00000000d6e00000, 0x00000000da280000, 0x0000000100000000)
  eden space 39424K, 0% used [0x00000000d6e00000,0x00000000d6e00000,0x00000000d9480000)
  from space 6656K, 76% used [0x00000000d9c00000,0x00000000da0fd580,0x00000000da280000)
  to   space 7168K, 0% used [0x00000000d9480000,0x00000000d9480000,0x00000000d9b80000)
 ParOldGen       total 56832K, used 19385K [0x0000000084a00000, 0x0000000088180000, 0x00000000d6e00000)
  object space 56832K, 34% used [0x0000000084a00000,0x0000000085cee400,0x0000000088180000)
 Metaspace       used 26977K, capacity 27278K, committed 27648K, reserved 1073152K
  class space    used 3158K, capacity 3265K, committed 3328K, reserved 1048576K
}
Event: 186.754 GC heap before
{Heap before GC invocations=18 (full 1):
 PSYoungGen      total 46080K, used 44310K [0x00000000d6e00000, 0x00000000da280000, 0x0000000100000000)
  eden space 39424K, 99% used [0x00000000d6e00000,0x00000000d94483a8,0x00000000d9480000)
  from space 6656K, 76% used [0x00000000d9c00000,0x00000000da0fd580,0x00000000da280000)
  to   space 7168K, 0% used [0x00000000d9480000,0x00000000d9480000,0x00000000d9b80000)
 ParOldGen       total 56832K, used 19385K [0x0000000084a00000, 0x0000000088180000, 0x00000000d6e00000)
  object space 56832K, 34% used [0x0000000084a00000,0x0000000085cee400,0x0000000088180000)
 Metaspace       used 27017K, capacity 27278K, committed 27648K, reserved 1073152K
  class space    used 3158K, capacity 3265K, committed 3328K, reserved 1048576K
Event: 186.758 GC heap after
Heap after GC invocations=18 (full 1):
 PSYoungGen      total 46080K, used 6322K [0x00000000d6e00000, 0x00000000da300000, 0x0000000100000000)
  eden space 38912K, 0% used [0x00000000d6e00000,0x00000000d6e00000,0x00000000d9400000)
  from space 7168K, 88% used [0x00000000d9480000,0x00000000d9aacaa0,0x00000000d9b80000)
  to   space 7680K, 0% used [0x00000000d9b80000,0x00000000d9b80000,0x00000000da300000)
 ParOldGen       total 56832K, used 19393K [0x0000000084a00000, 0x0000000088180000, 0x00000000d6e00000)
  object space 56832K, 34% used [0x0000000084a00000,0x0000000085cf0400,0x0000000088180000)
 Metaspace       used 27017K, capacity 27278K, committed 27648K, reserved 1073152K
  class space    used 3158K, capacity 3265K, committed 3328K, reserved 1048576K
}
Event: 187.552 GC heap before
{Heap before GC invocations=19 (full 1):
 PSYoungGen      total 46080K, used 44594K [0x00000000d6e00000, 0x00000000da300000, 0x0000000100000000)
  eden space 38912K, 98% used [0x00000000d6e00000,0x00000000d935fe38,0x00000000d9400000)
  from space 7168K, 88% used [0x00000000d9480000,0x00000000d9aacaa0,0x00000000d9b80000)
  to   space 7680K, 0% used [0x00000000d9b80000,0x00000000d9b80000,0x00000000da300000)
 ParOldGen       total 56832K, used 19393K [0x0000000084a00000, 0x0000000088180000, 0x00000000d6e00000)
  object space 56832K, 34% used [0x0000000084a00000,0x0000000085cf0400,0x0000000088180000)
 Metaspace       used 27060K, capacity 27342K, committed 27648K, reserved 1073152K
  class space    used 3163K, capacity 3265K, committed 3328K, reserved 1048576K
Event: 187.555 GC heap after
Heap after GC invocations=19 (full 1):
 PSYoungGen      total 45568K, used 5182K [0x00000000d6e00000, 0x00000000da280000, 0x0000000100000000)
  eden space 38400K, 0% used [0x00000000d6e00000,0x00000000d6e00000,0x00000000d9380000)
  from space 7168K, 72% used [0x00000000d9b80000,0x00000000da08f9a0,0x00000000da280000)
  to   space 7680K, 0% used [0x00000000d9380000,0x00000000d9380000,0x00000000d9b00000)
 ParOldGen       total 56832K, used 19401K [0x0000000084a00000, 0x0000000088180000, 0x00000000d6e00000)
  object space 56832K, 34% used [0x0000000084a00000,0x0000000085cf2400,0x0000000088180000)
 Metaspace       used 27060K, capacity 27342K, committed 27648K, reserved 1073152K
  class space    used 3163K, capacity 3265K, committed 3328K, reserved 1048576K
}
Event: 188.352 GC heap before
{Heap before GC invocations=20 (full 1):
 PSYoungGen      total 45568K, used 43084K [0x00000000d6e00000, 0x00000000da280000, 0x0000000100000000)
  eden space 38400K, 98% used [0x00000000d6e00000,0x00000000d9303788,0x00000000d9380000)
  from space 7168K, 72% used [0x00000000d9b80000,0x00000000da08f9a0,0x00000000da280000)
  to   space 7680K, 0% used [0x00000000d9380000,0x00000000d9380000,0x00000000d9b00000)
 ParOldGen       total 56832K, used 19401K [0x0000000084a00000, 0x0000000088180000, 0x00000000d6e00000)
  object space 56832K, 34% used [0x0000000084a00000,0x0000000085cf2400,0x0000000088180000)
 Metaspace       used 27065K, capacity 27342K, committed 27648K, reserved 1073152K
  class space    used 3163K, capacity 3265K, committed 3328K, reserved 1048576K
Event: 188.355 GC heap after
Heap after GC invocations=20 (full 1):
 PSYoungGen      total 43520K, used 5134K [0x00000000d6e00000, 0x00000000da100000, 0x0000000100000000)
  eden space 37888K, 0% used [0x00000000d6e00000,0x00000000d6e00000,0x00000000d9300000)
  from space 5632K, 91% used [0x00000000d9380000,0x00000000d9883990,0x00000000d9900000)
  to   space 7168K, 0% used [0x00000000d9a00000,0x00000000d9a00000,0x00000000da100000)
 ParOldGen       total 56832K, used 19409K [0x0000000084a00000, 0x0000000088180000, 0x00000000d6e00000)
  object space 56832K, 34% used [0x0000000084a00000,0x0000000085cf4400,0x0000000088180000)
 Metaspace       used 27065K, capacity 27342K, committed 27648K, reserved 1073152K
  class space    used 3163K, capacity 3265K, committed 3328K, reserved 1048576K
}

