<?xml version="1.0" encoding="UTF-8" ?>
<testsuite tests="14" failures="0" name="com.bottle.business.template.service.TemplateParserTest" time="0.211" errors="0" skipped="0">
  <properties>
[...]
</properties>
  <testcase classname="com.bottle.business.template.service.TemplateParserTest" name="test_getTemplateFromByteArray_NotSupportedIsMetalType" time="0.018"/>
  <testcase classname="com.bottle.business.template.service.TemplateParserTest" name="test_GetLongFromHighByteAndLowByte" time="0.001"/>
  <testcase classname="com.bottle.business.template.service.TemplateParserTest" name="test_ValidateTotalLength_OK" time="0"/>
  <testcase classname="com.bottle.business.template.service.TemplateParserTest" name="test_GetPositionInfoListFromImageByteArray_SizeInvalid" time="0"/>
  <testcase classname="com.bottle.business.template.service.TemplateParserTest" name="test_getByteArrayFromTemplate" time="0.059"/>
  <testcase classname="com.bottle.business.template.service.TemplateParserTest" name="test_GetPositionInfoListFromImageByteArray_DataNull" time="0"/>
  <testcase classname="com.bottle.business.template.service.TemplateParserTest" name="test_GetHighBitAndLowBitFromNumber" time="0"/>
  <testcase classname="com.bottle.business.template.service.TemplateParserTest" name="test_GetImageByteArrayFromPositionList" time="0"/>
  <testcase classname="com.bottle.business.template.service.TemplateParserTest" name="test_getTemplateFromByteArray_IncorrectLength" time="0"/>
  <testcase classname="com.bottle.business.template.service.TemplateParserTest" name="test_GetPositionInfoListFromImageByteArray_Normal" time="0"/>
  <testcase classname="com.bottle.business.template.service.TemplateParserTest" name="test_ValidateTotalLength_Exception" time="0"/>
  <testcase classname="com.bottle.business.template.service.TemplateParserTest" name="test_getTemplateFromByteArray_ImageLengthValid" time="0.001"/>
  <testcase classname="com.bottle.business.template.service.TemplateParserTest" name="test_getTemplateFromByteArray_Normal" time="0"/>
  <testcase classname="com.bottle.business.template.service.TemplateParserTest" name="test_getTemplateFromByteArray_NullInput" time="0.001"/>
</testsuite>